* ******************************************************************************

* iCEcube Report

* Version:            2017.08.27940

* Build Date:         Sep 12 2017 08:02:28

* File Generated:     Apr 28 2020 10:13:11

* Purpose:            General info of design implementation

* Copyright (C) 2006-2010 by Lattice Semiconductor Corp. All rights reserved.

* ******************************************************************************

Synthesis/Placement Summary:
----------------------------
    Status:  Successful
    Runtime: 1 seconds

Device Info:
------------
    Device Family: iCE40
    Device:        iCE40HX1K
    Package:       TQ144

Design statistics:
------------------
    FFs:                  94
    LUTs:                 148
    RAMs:                 0
    IOBs:                 14
    GBs:                  2
    PLLs:                 0
    Warm Boots:           0

Logic Resource Utilization:
---------------------------
    Total Logic Cells: 148/1280
        Combinational Logic Cells: 54       out of   1280      4.21875%
        Sequential Logic Cells:    94       out of   1280      7.34375%
        Logic Tiles:               24       out of   160       15%
    Registers: 
        Logic Registers:           94       out of   1280      7.34375%
        IO Registers:              1        out of   560       0.178571
    Block RAMs:                    0        out of   16        0%
    Warm Boots:                    0        out of   1         0%
    Pins:
        Input Pins:                5        out of   96        5.20833%
        Output Pins:               9        out of   96        9.375%
        InOut Pins:                0        out of   96        0%
    Global Buffers:                2        out of   8         25%
    PLLs:                          0        out of   1         0%

IO Bank Utilization:
--------------------
    Bank 3: 4        out of   24        16.6667%
    Bank 1: 5        out of   25        20%
    Bank 0: 1        out of   23        4.34783%
    Bank 2: 4        out of   24        16.6667%

Detailed I/O Info:
------------------
    Input Pins: 
    Pin Number  Direction  IO Standard  Pull Up  IO Bank  IO Function        Signal Name   
    ----------  ---------  -----------  -------  -------  -----------        -----------   
    21          Input      SB_LVCMOS    No       3        Simple Input       global_clk    
    44          Input      SB_LVCMOS    No       2        Simple Input       io_jtag_tms   
    45          Input      SB_LVCMOS    No       2        Simple Input       io_jtag_tck   
    47          Input      SB_LVCMOS    No       2        Simple Input       io_jtag_tdi   
    144         Input      SB_LVCMOS    No       0        Simple Input       global_reset  

    Output Pins: 
    Pin Number  Direction  IO Standard  Pull Up  IO Bank  IO Function        Signal Name   
    ----------  ---------  -----------  -------  -------  -----------        -----------   
    11          Output     SB_LVCMOS    No       3        Simple Output      io_leds[5]    
    22          Output     SB_LVCMOS    No       3        Simple Output      io_leds[7]    
    34          Output     SB_LVCMOS    No       3        Simple Output      io_leds[6]    
    48          Output     SB_LVCMOS    No       2        Output Registered  io_jtag_tdo   
    95          Output     SB_LVCMOS    No       1        Simple Output      io_leds[4]    
    96          Output     SB_LVCMOS    No       1        Simple Output      io_leds[3]    
    97          Output     SB_LVCMOS    No       1        Simple Output      io_leds[2]    
    98          Output     SB_LVCMOS    No       1        Simple Output      io_leds[1]    
    99          Output     SB_LVCMOS    No       1        Simple Output      io_leds[0]    

Detailed Global Buffer Info:
----------------------------
    Buffer Number  IO Bank  Driven By  Fanout  Signal Name    
    -------------  -------  ---------  ------  -----------    
    1              3        IO         25      global_clk_c   
    3              3                   70      io_jtag_tck_c  
